{"/Users/heejaechang/projects/launchSchool/todolist/todo.js": {"path":"/Users/heejaechang/projects/launchSchool/todolist/todo.js","statementMap":{"0":{"start":{"line":4,"column":23},"end":{"line":4,"column":26}},"1":{"start":{"line":5,"column":25},"end":{"line":5,"column":28}},"2":{"start":{"line":8,"column":4},"end":{"line":8,"column":23}},"3":{"start":{"line":9,"column":4},"end":{"line":9,"column":22}},"4":{"start":{"line":13,"column":17},"end":{"line":13,"column":70}},"5":{"start":{"line":14,"column":4},"end":{"line":14,"column":39}},"6":{"start":{"line":18,"column":4},"end":{"line":18,"column":21}},"7":{"start":{"line":22,"column":4},"end":{"line":22,"column":22}},"8":{"start":{"line":26,"column":4},"end":{"line":26,"column":21}},"9":{"start":{"line":30,"column":4},"end":{"line":30,"column":22}},"10":{"start":{"line":34,"column":0},"end":{"line":34,"column":22}}},"fnMap":{"0":{"name":"(anonymous_0)","decl":{"start":{"line":7,"column":2},"end":{"line":7,"column":3}},"loc":{"start":{"line":7,"column":21},"end":{"line":10,"column":3}},"line":7},"1":{"name":"(anonymous_1)","decl":{"start":{"line":12,"column":2},"end":{"line":12,"column":3}},"loc":{"start":{"line":12,"column":13},"end":{"line":15,"column":3}},"line":12},"2":{"name":"(anonymous_2)","decl":{"start":{"line":17,"column":2},"end":{"line":17,"column":3}},"loc":{"start":{"line":17,"column":13},"end":{"line":19,"column":3}},"line":17},"3":{"name":"(anonymous_3)","decl":{"start":{"line":21,"column":2},"end":{"line":21,"column":3}},"loc":{"start":{"line":21,"column":15},"end":{"line":23,"column":3}},"line":21},"4":{"name":"(anonymous_4)","decl":{"start":{"line":25,"column":2},"end":{"line":25,"column":3}},"loc":{"start":{"line":25,"column":11},"end":{"line":27,"column":3}},"line":25},"5":{"name":"(anonymous_5)","decl":{"start":{"line":29,"column":2},"end":{"line":29,"column":3}},"loc":{"start":{"line":29,"column":13},"end":{"line":31,"column":3}},"line":29}},"branchMap":{"0":{"loc":{"start":{"line":13,"column":17},"end":{"line":13,"column":70}},"type":"cond-expr","locations":[{"start":{"line":13,"column":33},"end":{"line":13,"column":49}},{"start":{"line":13,"column":52},"end":{"line":13,"column":70}}],"line":13}},"s":{"0":1,"1":1,"2":54,"3":54,"4":9,"5":9,"6":16,"7":2,"8":28,"9":0,"10":1},"f":{"0":54,"1":9,"2":16,"3":2,"4":28,"5":0},"b":{"0":[4,5]},"_coverageSchema":"1a1c01bbd47fc00a2c39e90264f33305004495a9","hash":"a2a2949ac5f965fda5092935f99b3c3e7959c428"}
,"/Users/heejaechang/projects/launchSchool/todolist/todolist.js": {"path":"/Users/heejaechang/projects/launchSchool/todolist/todolist.js","statementMap":{"0":{"start":{"line":3,"column":13},"end":{"line":3,"column":30}},"1":{"start":{"line":7,"column":4},"end":{"line":7,"column":23}},"2":{"start":{"line":8,"column":4},"end":{"line":8,"column":20}},"3":{"start":{"line":12,"column":4},"end":{"line":16,"column":5}},"4":{"start":{"line":13,"column":6},"end":{"line":13,"column":55}},"5":{"start":{"line":15,"column":6},"end":{"line":15,"column":28}},"6":{"start":{"line":20,"column":4},"end":{"line":20,"column":29}},"7":{"start":{"line":24,"column":4},"end":{"line":24,"column":25}},"8":{"start":{"line":28,"column":4},"end":{"line":28,"column":39}},"9":{"start":{"line":32,"column":4},"end":{"line":32,"column":31}},"10":{"start":{"line":33,"column":4},"end":{"line":33,"column":29}},"11":{"start":{"line":38,"column":4},"end":{"line":40,"column":5}},"12":{"start":{"line":39,"column":6},"end":{"line":39,"column":58}},"13":{"start":{"line":43,"column":4},"end":{"line":43,"column":34}},"14":{"start":{"line":47,"column":4},"end":{"line":47,"column":36}},"15":{"start":{"line":51,"column":4},"end":{"line":51,"column":62}},"16":{"start":{"line":51,"column":38},"end":{"line":51,"column":60}},"17":{"start":{"line":55,"column":4},"end":{"line":55,"column":30}},"18":{"start":{"line":59,"column":4},"end":{"line":59,"column":28}},"19":{"start":{"line":63,"column":4},"end":{"line":63,"column":31}},"20":{"start":{"line":64,"column":4},"end":{"line":64,"column":39}},"21":{"start":{"line":68,"column":16},"end":{"line":68,"column":42}},"22":{"start":{"line":69,"column":15},"end":{"line":69,"column":67}},"23":{"start":{"line":69,"column":40},"end":{"line":69,"column":55}},"24":{"start":{"line":70,"column":4},"end":{"line":70,"column":31}},"25":{"start":{"line":74,"column":4},"end":{"line":74,"column":49}},"26":{"start":{"line":74,"column":33},"end":{"line":74,"column":47}},"27":{"start":{"line":78,"column":20},"end":{"line":78,"column":44}},"28":{"start":{"line":79,"column":4},"end":{"line":83,"column":7}},"29":{"start":{"line":80,"column":6},"end":{"line":82,"column":7}},"30":{"start":{"line":81,"column":8},"end":{"line":81,"column":26}},"31":{"start":{"line":84,"column":4},"end":{"line":84,"column":19}},"32":{"start":{"line":93,"column":4},"end":{"line":93,"column":68}},"33":{"start":{"line":93,"column":33},"end":{"line":93,"column":58}},"34":{"start":{"line":97,"column":4},"end":{"line":97,"column":48}},"35":{"start":{"line":97,"column":33},"end":{"line":97,"column":46}},"36":{"start":{"line":101,"column":4},"end":{"line":101,"column":49}},"37":{"start":{"line":101,"column":33},"end":{"line":101,"column":47}},"38":{"start":{"line":105,"column":15},"end":{"line":105,"column":38}},"39":{"start":{"line":106,"column":4},"end":{"line":108,"column":5}},"40":{"start":{"line":107,"column":6},"end":{"line":107,"column":22}},"41":{"start":{"line":112,"column":4},"end":{"line":112,"column":44}},"42":{"start":{"line":112,"column":27},"end":{"line":112,"column":42}},"43":{"start":{"line":116,"column":4},"end":{"line":116,"column":46}},"44":{"start":{"line":116,"column":27},"end":{"line":116,"column":44}},"45":{"start":{"line":120,"column":4},"end":{"line":120,"column":30}},"46":{"start":{"line":124,"column":0},"end":{"line":124,"column":26}}},"fnMap":{"0":{"name":"(anonymous_0)","decl":{"start":{"line":6,"column":2},"end":{"line":6,"column":3}},"loc":{"start":{"line":6,"column":21},"end":{"line":9,"column":3}},"line":6},"1":{"name":"(anonymous_1)","decl":{"start":{"line":11,"column":2},"end":{"line":11,"column":3}},"loc":{"start":{"line":11,"column":12},"end":{"line":17,"column":3}},"line":11},"2":{"name":"(anonymous_2)","decl":{"start":{"line":19,"column":2},"end":{"line":19,"column":3}},"loc":{"start":{"line":19,"column":9},"end":{"line":21,"column":3}},"line":19},"3":{"name":"(anonymous_3)","decl":{"start":{"line":23,"column":2},"end":{"line":23,"column":3}},"loc":{"start":{"line":23,"column":10},"end":{"line":25,"column":3}},"line":23},"4":{"name":"(anonymous_4)","decl":{"start":{"line":27,"column":2},"end":{"line":27,"column":3}},"loc":{"start":{"line":27,"column":9},"end":{"line":29,"column":3}},"line":27},"5":{"name":"(anonymous_5)","decl":{"start":{"line":31,"column":2},"end":{"line":31,"column":3}},"loc":{"start":{"line":31,"column":16},"end":{"line":34,"column":3}},"line":31},"6":{"name":"(anonymous_6)","decl":{"start":{"line":36,"column":2},"end":{"line":36,"column":3}},"loc":{"start":{"line":36,"column":24},"end":{"line":41,"column":3}},"line":36},"7":{"name":"(anonymous_7)","decl":{"start":{"line":42,"column":2},"end":{"line":42,"column":3}},"loc":{"start":{"line":42,"column":20},"end":{"line":44,"column":3}},"line":42},"8":{"name":"(anonymous_8)","decl":{"start":{"line":46,"column":2},"end":{"line":46,"column":3}},"loc":{"start":{"line":46,"column":22},"end":{"line":48,"column":3}},"line":46},"9":{"name":"(anonymous_9)","decl":{"start":{"line":50,"column":2},"end":{"line":50,"column":3}},"loc":{"start":{"line":50,"column":11},"end":{"line":52,"column":3}},"line":50},"10":{"name":"(anonymous_10)","decl":{"start":{"line":51,"column":28},"end":{"line":51,"column":29}},"loc":{"start":{"line":51,"column":38},"end":{"line":51,"column":60}},"line":51},"11":{"name":"(anonymous_11)","decl":{"start":{"line":54,"column":2},"end":{"line":54,"column":3}},"loc":{"start":{"line":54,"column":10},"end":{"line":56,"column":3}},"line":54},"12":{"name":"(anonymous_12)","decl":{"start":{"line":58,"column":2},"end":{"line":58,"column":3}},"loc":{"start":{"line":58,"column":8},"end":{"line":60,"column":3}},"line":58},"13":{"name":"(anonymous_13)","decl":{"start":{"line":62,"column":2},"end":{"line":62,"column":3}},"loc":{"start":{"line":62,"column":18},"end":{"line":65,"column":3}},"line":62},"14":{"name":"(anonymous_14)","decl":{"start":{"line":67,"column":2},"end":{"line":67,"column":3}},"loc":{"start":{"line":67,"column":13},"end":{"line":71,"column":3}},"line":67},"15":{"name":"(anonymous_15)","decl":{"start":{"line":69,"column":30},"end":{"line":69,"column":31}},"loc":{"start":{"line":69,"column":40},"end":{"line":69,"column":55}},"line":69},"16":{"name":"(anonymous_16)","decl":{"start":{"line":73,"column":2},"end":{"line":73,"column":3}},"loc":{"start":{"line":73,"column":20},"end":{"line":75,"column":3}},"line":73},"17":{"name":"(anonymous_17)","decl":{"start":{"line":74,"column":23},"end":{"line":74,"column":24}},"loc":{"start":{"line":74,"column":33},"end":{"line":74,"column":47}},"line":74},"18":{"name":"(anonymous_18)","decl":{"start":{"line":77,"column":2},"end":{"line":77,"column":3}},"loc":{"start":{"line":77,"column":19},"end":{"line":90,"column":3}},"line":77},"19":{"name":"(anonymous_19)","decl":{"start":{"line":79,"column":17},"end":{"line":79,"column":18}},"loc":{"start":{"line":79,"column":27},"end":{"line":83,"column":5}},"line":79},"20":{"name":"(anonymous_20)","decl":{"start":{"line":92,"column":2},"end":{"line":92,"column":3}},"loc":{"start":{"line":92,"column":21},"end":{"line":94,"column":3}},"line":92},"21":{"name":"(anonymous_21)","decl":{"start":{"line":93,"column":23},"end":{"line":93,"column":24}},"loc":{"start":{"line":93,"column":33},"end":{"line":93,"column":58}},"line":93},"22":{"name":"(anonymous_22)","decl":{"start":{"line":96,"column":2},"end":{"line":96,"column":3}},"loc":{"start":{"line":96,"column":12},"end":{"line":98,"column":3}},"line":96},"23":{"name":"(anonymous_23)","decl":{"start":{"line":97,"column":23},"end":{"line":97,"column":24}},"loc":{"start":{"line":97,"column":33},"end":{"line":97,"column":46}},"line":97},"24":{"name":"(anonymous_24)","decl":{"start":{"line":100,"column":2},"end":{"line":100,"column":3}},"loc":{"start":{"line":100,"column":15},"end":{"line":102,"column":3}},"line":100},"25":{"name":"(anonymous_25)","decl":{"start":{"line":101,"column":23},"end":{"line":101,"column":24}},"loc":{"start":{"line":101,"column":33},"end":{"line":101,"column":47}},"line":101},"26":{"name":"(anonymous_26)","decl":{"start":{"line":104,"column":2},"end":{"line":104,"column":3}},"loc":{"start":{"line":104,"column":18},"end":{"line":109,"column":3}},"line":104},"27":{"name":"(anonymous_27)","decl":{"start":{"line":111,"column":2},"end":{"line":111,"column":3}},"loc":{"start":{"line":111,"column":16},"end":{"line":113,"column":3}},"line":111},"28":{"name":"(anonymous_28)","decl":{"start":{"line":112,"column":17},"end":{"line":112,"column":18}},"loc":{"start":{"line":112,"column":27},"end":{"line":112,"column":42}},"line":112},"29":{"name":"(anonymous_29)","decl":{"start":{"line":115,"column":2},"end":{"line":115,"column":3}},"loc":{"start":{"line":115,"column":18},"end":{"line":117,"column":3}},"line":115},"30":{"name":"(anonymous_30)","decl":{"start":{"line":116,"column":17},"end":{"line":116,"column":18}},"loc":{"start":{"line":116,"column":27},"end":{"line":116,"column":44}},"line":116},"31":{"name":"(anonymous_31)","decl":{"start":{"line":119,"column":2},"end":{"line":119,"column":3}},"loc":{"start":{"line":119,"column":12},"end":{"line":121,"column":3}},"line":119}},"branchMap":{"0":{"loc":{"start":{"line":12,"column":4},"end":{"line":16,"column":5}},"type":"if","locations":[{"start":{"line":12,"column":4},"end":{"line":16,"column":5}},{"start":{"line":12,"column":4},"end":{"line":16,"column":5}}],"line":12},"1":{"loc":{"start":{"line":38,"column":4},"end":{"line":40,"column":5}},"type":"if","locations":[{"start":{"line":38,"column":4},"end":{"line":40,"column":5}},{"start":{"line":38,"column":4},"end":{"line":40,"column":5}}],"line":38},"2":{"loc":{"start":{"line":80,"column":6},"end":{"line":82,"column":7}},"type":"if","locations":[{"start":{"line":80,"column":6},"end":{"line":82,"column":7}},{"start":{"line":80,"column":6},"end":{"line":82,"column":7}}],"line":80},"3":{"loc":{"start":{"line":106,"column":4},"end":{"line":108,"column":5}},"type":"if","locations":[{"start":{"line":106,"column":4},"end":{"line":108,"column":5}},{"start":{"line":106,"column":4},"end":{"line":108,"column":5}}],"line":106}},"s":{"0":1,"1":19,"2":19,"3":57,"4":2,"5":55,"6":2,"7":1,"8":1,"9":9,"10":6,"11":11,"12":4,"13":4,"14":3,"15":3,"16":8,"17":1,"18":1,"19":2,"20":1,"21":3,"22":3,"23":9,"24":3,"25":5,"26":15,"27":1,"28":1,"29":3,"30":1,"31":1,"32":0,"33":0,"34":0,"35":0,"36":0,"37":0,"38":0,"39":0,"40":0,"41":3,"42":9,"43":0,"44":0,"45":5,"46":1},"f":{"0":19,"1":57,"2":2,"3":1,"4":1,"5":9,"6":11,"7":4,"8":3,"9":3,"10":8,"11":1,"12":1,"13":2,"14":3,"15":9,"16":5,"17":15,"18":1,"19":3,"20":0,"21":0,"22":0,"23":0,"24":0,"25":0,"26":0,"27":3,"28":9,"29":0,"30":0,"31":5},"b":{"0":[2,55],"1":[4,7],"2":[1,2],"3":[0,0]},"_coverageSchema":"1a1c01bbd47fc00a2c39e90264f33305004495a9","hash":"29bcf25c17e74f669eef84c452854978f7b1f828"}
}
