TN:
SF:todo.js
FN:7,(anonymous_0)
FN:12,(anonymous_1)
FN:17,(anonymous_2)
FN:21,(anonymous_3)
FN:25,(anonymous_4)
FN:29,(anonymous_5)
FNF:6
FNH:5
FNDA:54,(anonymous_0)
FNDA:9,(anonymous_1)
FNDA:16,(anonymous_2)
FNDA:2,(anonymous_3)
FNDA:28,(anonymous_4)
FNDA:0,(anonymous_5)
DA:4,1
DA:5,1
DA:8,54
DA:9,54
DA:13,9
DA:14,9
DA:18,16
DA:22,2
DA:26,28
DA:30,0
DA:34,1
LF:11
LH:10
BRDA:13,0,0,4
BRDA:13,0,1,5
BRF:2
BRH:2
end_of_record
TN:
SF:todolist.js
FN:6,(anonymous_0)
FN:11,(anonymous_1)
FN:19,(anonymous_2)
FN:23,(anonymous_3)
FN:27,(anonymous_4)
FN:31,(anonymous_5)
FN:36,(anonymous_6)
FN:42,(anonymous_7)
FN:46,(anonymous_8)
FN:50,(anonymous_9)
FN:51,(anonymous_10)
FN:54,(anonymous_11)
FN:58,(anonymous_12)
FN:62,(anonymous_13)
FN:67,(anonymous_14)
FN:69,(anonymous_15)
FN:73,(anonymous_16)
FN:74,(anonymous_17)
FN:77,(anonymous_18)
FN:79,(anonymous_19)
FN:92,(anonymous_20)
FN:93,(anonymous_21)
FN:96,(anonymous_22)
FN:97,(anonymous_23)
FN:100,(anonymous_24)
FN:101,(anonymous_25)
FN:104,(anonymous_26)
FN:111,(anonymous_27)
FN:112,(anonymous_28)
FN:115,(anonymous_29)
FN:116,(anonymous_30)
FN:119,(anonymous_31)
FNF:32
FNH:23
FNDA:19,(anonymous_0)
FNDA:57,(anonymous_1)
FNDA:2,(anonymous_2)
FNDA:1,(anonymous_3)
FNDA:1,(anonymous_4)
FNDA:9,(anonymous_5)
FNDA:11,(anonymous_6)
FNDA:4,(anonymous_7)
FNDA:3,(anonymous_8)
FNDA:3,(anonymous_9)
FNDA:8,(anonymous_10)
FNDA:1,(anonymous_11)
FNDA:1,(anonymous_12)
FNDA:2,(anonymous_13)
FNDA:3,(anonymous_14)
FNDA:9,(anonymous_15)
FNDA:5,(anonymous_16)
FNDA:15,(anonymous_17)
FNDA:1,(anonymous_18)
FNDA:3,(anonymous_19)
FNDA:0,(anonymous_20)
FNDA:0,(anonymous_21)
FNDA:0,(anonymous_22)
FNDA:0,(anonymous_23)
FNDA:0,(anonymous_24)
FNDA:0,(anonymous_25)
FNDA:0,(anonymous_26)
FNDA:3,(anonymous_27)
FNDA:9,(anonymous_28)
FNDA:0,(anonymous_29)
FNDA:0,(anonymous_30)
FNDA:5,(anonymous_31)
DA:3,1
DA:7,19
DA:8,19
DA:12,57
DA:13,2
DA:15,55
DA:20,2
DA:24,1
DA:28,1
DA:32,9
DA:33,6
DA:38,11
DA:39,4
DA:43,4
DA:47,3
DA:51,8
DA:55,1
DA:59,1
DA:63,2
DA:64,1
DA:68,3
DA:69,9
DA:70,3
DA:74,15
DA:78,1
DA:79,1
DA:80,3
DA:81,1
DA:84,1
DA:93,0
DA:97,0
DA:101,0
DA:105,0
DA:106,0
DA:107,0
DA:112,9
DA:116,0
DA:120,5
DA:124,1
LF:39
LH:32
BRDA:12,0,0,2
BRDA:12,0,1,55
BRDA:38,1,0,4
BRDA:38,1,1,7
BRDA:80,2,0,1
BRDA:80,2,1,2
BRDA:106,3,0,0
BRDA:106,3,1,0
BRF:8
BRH:6
end_of_record
